This is pdfTeX, Version 3.1415926-1.40.11 (TeX Live 2010) (format=latex 2011.1.18)  21 MAR 2011 16:05
entering extended mode
 restricted \write18 enabled.
 %&-line parsing enabled.
**OQB
(./OQB.tex
LaTeX2e <2009/09/24>
Babel <v3.8l> and hyphenation patterns for english, dumylang, nohyphenation, ge
rman-x-2009-06-19, ngerman-x-2009-06-19, ancientgreek, ibycus, arabic, armenian
, basque, bulgarian, catalan, pinyin, coptic, croatian, czech, danish, dutch, u
kenglish, usenglishmax, esperanto, estonian, farsi, finnish, french, galician, 
german, ngerman, swissgerman, monogreek, greek, hungarian, icelandic, assamese,
 bengali, gujarati, hindi, kannada, malayalam, marathi, oriya, panjabi, tamil, 
telugu, indonesian, interlingua, irish, italian, kurmanji, lao, latin, latvian,
 lithuanian, mongolian, mongolianlmc, bokmal, nynorsk, polish, portuguese, roma
nian, russian, sanskrit, serbian, slovak, slovenian, spanish, swedish, turkish,
 turkmen, ukrainian, uppersorbian, welsh, loaded.
(/usr/local/texlive/2010/texmf-dist/tex/latex/koma-script/scrbook.cls
Document Class: scrbook 2010/06/17 v3.06 KOMA-Script document class (book)
(/usr/local/texlive/2010/texmf-dist/tex/latex/koma-script/scrkbase.sty
Package: scrkbase 2010/06/17 v3.06 KOMA-Script package (KOMA-Script-dependent b
asics and keyval usage)

(/usr/local/texlive/2010/texmf-dist/tex/latex/koma-script/scrbase.sty
Package: scrbase 2010/06/17 v3.06 KOMA-Script package (KOMA-Script-independent 
basics and keyval usage)

(/usr/local/texlive/2010/texmf-dist/tex/latex/graphics/keyval.sty
Package: keyval 1999/03/16 v1.13 key=value parser (DPC)
\KV@toks@=\toks14
)
(/usr/local/texlive/2010/texmf-dist/tex/latex/koma-script/scrlfile.sty
Package: scrlfile 2009/03/25 v3.03 KOMA-Script package (loading files)

Package scrlfile, 2009/03/25 v3.03 KOMA-Script package (loading files)
                  Copyright (C) Markus Kohm

))) (/usr/local/texlive/2010/texmf-dist/tex/latex/koma-script/tocbasic.sty
Package: tocbasic 2010/06/09 v3.06 KOMA-Script package (handling toc-files)
)
Package tocbasic Info: omitting babel extension for `toc'
(tocbasic)             because of feature `nobabel' available
(tocbasic)             for `toc' on input line 117.
Package tocbasic Info: omitting babel extension for `lof'
(tocbasic)             because of feature `nobabel' available
(tocbasic)             for `lof' on input line 118.
Package tocbasic Info: omitting babel extension for `lot'
(tocbasic)             because of feature `nobabel' available
(tocbasic)             for `lot' on input line 119.
Package scrbook Info: You've used obsolete option `12pt'.
(scrbook)             \KOMAExecuteOptions{fontsize=12pt} will be
(scrbook)             used instead.
(scrbook)             You may simply replace `12pt'
(scrbook)             by `fontsize=12pt'.
Class scrbook Info: Switching compatibility level to `first'.
Class scrbook Info: File `scrsize12pt.clo' used to setup font sizes on input li
ne 1310.

(/usr/local/texlive/2010/texmf-dist/tex/latex/koma-script/scrsize12pt.clo
File: scrsize12pt.clo 2010/06/17 v3.06 KOMA-Script font size class option (12pt
)
)
(/usr/local/texlive/2010/texmf-dist/tex/latex/koma-script/typearea.sty
Package: typearea 2010/06/17 v3.06 KOMA-Script package (type area)

Package typearea, 2010/06/17 v3.06 KOMA-Script package (type area)
                  Copyright (C) Frank Neukam, 1992-1994
                  Copyright (C) Markus Kohm, 1994-

\ta@bcor=\skip41
\ta@div=\count79
Package typearea Info: You've used standard option `a4paper'.
(typearea)             This is correct!
(typearea)             Internally I'm using `paper=a4'.
(typearea)             If you'd like to set the option with \KOMAoptions,
(typearea)             you'd have to use `paper=a4' there
(typearea)             instead of `a4paper', too.
Package scrextend Info: Switching compatibility level to `first'.
Package typearea Info: You've used standard option `dvips'.
(typearea)             This is correct!
(typearea)             Internally I'm using `pagesize=automedia'.
(typearea)             If you'd like to set the option with \KOMAoptions,
(typearea)             you'd have to use `pagesize=automedia' there
(typearea)             instead of `dvips', too.
\ta@hblk=\skip42
\ta@vblk=\skip43
\ta@temp=\skip44
Package typearea Info: These are the values describing the layout:
(typearea)             DIV  = 12
(typearea)             BCOR = 0.0pt
(typearea)             \paperwidth      = 597.50793pt
(typearea)              \textwidth      = 448.13095pt
(typearea)              DIV departure   = -6%
(typearea)              \evensidemargin = 27.31467pt
(typearea)              \oddsidemargin  = -22.47766pt
(typearea)             \paperheight     = 845.04694pt
(typearea)              \textheight     = 635.5pt
(typearea)              \topmargin      = -41.72441pt
(typearea)              \headheight     = 18.125pt
(typearea)              \headsep        = 21.75pt
(typearea)              \topskip        = 12.0pt
(typearea)              \footskip       = 50.75pt
(typearea)              \baselineskip   = 14.5pt
(typearea)              on input line 1133.
)
\c@part=\count80
\c@chapter=\count81
\c@section=\count82
\c@subsection=\count83
\c@subsubsection=\count84
\c@paragraph=\count85
\c@subparagraph=\count86
\abovecaptionskip=\skip45
\belowcaptionskip=\skip46
\c@pti@nb@sid@b@x=\box26
\c@figure=\count87
\c@table=\count88
\bibindent=\dimen102
) (/usr/local/texlive/2010/texmf-dist/tex/latex/pst-tree/pst-tree.sty
(/usr/local/texlive/2010/texmf-dist/tex/latex/pstricks/pstricks.sty
Package: pstricks 2010/06/17 v0.45 LaTeX wrapper for `PSTricks' (RN,HV)

(/usr/local/texlive/2010/texmf-dist/tex/generic/pstricks/pstricks.tex
(/usr/local/texlive/2010/texmf-dist/tex/generic/xkeyval/pst-xkey.tex
File: pst-xkey.tex 2005/11/25 v1.6 PSTricks specialization of xkeyval (HA)

(/usr/local/texlive/2010/texmf-dist/tex/latex/xkeyval/xkeyval.sty
Package: xkeyval 2008/08/13 v2.6a package option processing (HA)

(/usr/local/texlive/2010/texmf-dist/tex/generic/xkeyval/xkeyval.tex
\XKV@toks=\toks15
\XKV@tempa@toks=\toks16
\XKV@depth=\count89
File: xkeyval.tex 2008/08/13 v2.6a key=value parser (HA)
)))
(/usr/local/texlive/2010/texmf-dist/tex/generic/pstricks/pst-fp.tex
`pst-fp' v0.06, 2010/05/14 (hv)
\pstFP@xs=\count90
\pstFP@xia=\count91
\pstFP@xib=\count92
\pstFP@xfa=\count93
\pstFP@xfb=\count94
\pstFP@rega=\count95
\pstFP@regb=\count96
\pstFP@regs=\count97
\pstFP@times=\count98
)
\psLoopIndex=\count99

`PSTricks' v2.08  <2010/06/06> (tvz)
\pst@dima=\dimen103
\pst@dimb=\dimen104
\pst@dimc=\dimen105
\pst@dimd=\dimen106
\pst@dimg=\dimen107
\pst@dimh=\dimen108
\pst@dimm=\dimen109
\pst@dimn=\dimen110
\pst@dimo=\dimen111
\pst@dimp=\dimen112
\pst@hbox=\box27
\pst@boxg=\box28
\pst@cnta=\count100
\pst@cntb=\count101
\pst@cntc=\count102
\pst@cntd=\count103
\pst@cntg=\count104
\pst@cnth=\count105
\pst@cntm=\count106
\pst@cntn=\count107
\pst@cnto=\count108
\pst@cntp=\count109
\@zero=\count110
\pst@toks=\toks17
(/usr/local/texlive/2010/texmf-dist/tex/generic/pstricks/pstricks.con)
\psunit=\dimen113
\psxunit=\dimen114
\psyunit=\dimen115
\pslinewidth=\dimen116
\pst@customdefs=\toks18
\pslinearc=\dimen117
\pst@symbolStep=\dimen118
\pst@symbolWidth=\dimen119
\everypsbox=\toks19
\psframesep=\dimen120
\pslabelsep=\dimen121
\pst@shift=\dimen122
\theoverlaybox=\box29
)
File: pstricks.tex 2010/06/06 v2.08 `PSTricks' (tvz,hv)

(/usr/local/texlive/2010/texmf-dist/tex/generic/pstricks/pst-fp.tex)
File: pst-fp.tex 2010/06/06 v2.08 `PST-fp' (hv)

(/usr/local/texlive/2010/texmf-dist/tex/latex/xcolor/xcolor.sty
Package: xcolor 2007/01/21 v2.11 LaTeX color extensions (UK)

(/usr/local/texlive/2010/texmf-dist/tex/latex/latexconfig/color.cfg
File: color.cfg 2007/01/18 v1.5 color configuration of teTeX/TeXLive
)
Package xcolor Info: Driver file: dvips.def on input line 225.

(/usr/local/texlive/2010/texmf-dist/tex/latex/graphics/dvips.def
File: dvips.def 1999/02/16 v3.0i Driver-dependant file (DPC,SPQR)
)
Package xcolor Info: Model `cmy' substituted by `cmy0' on input line 1337.
Package xcolor Info: Model `RGB' extended on input line 1353.
Package xcolor Info: Model `HTML' substituted by `rgb' on input line 1355.
Package xcolor Info: Model `Hsb' substituted by `hsb' on input line 1356.
Package xcolor Info: Model `tHsb' substituted by `hsb' on input line 1357.
Package xcolor Info: Model `HSB' substituted by `hsb' on input line 1358.
Package xcolor Info: Model `Gray' substituted by `gray' on input line 1359.
Package xcolor Info: Model `wave' substituted by `hsb' on input line 1360.
))
Package: pst-tree 2009/01/25 package wrapper for pst-tree.tex

(/usr/local/texlive/2010/texmf-dist/tex/generic/pst-tree/pst-tree.tex
(/usr/local/texlive/2010/texmf-dist/tex/generic/pst-node/pst-node.tex
 v1.13, 2010/06/06
\psrow=\count111
\pscol=\count112
\psmatrixcnt=\count113
\psrowsep=\skip47
\pscolsep=\skip48
\pst@args=\count114
\num@pts=\count115
\pst@argcnt=\count116
)  v1.11, 2009/09/17(tvz,dg,hv)
\pstree@rootbox=\box30
\pstree@box=\box31
\psnodecnt=\count117
\pstreelevel=\count118
\pstreecnt=\count119
\pstree@cnt=\count120
\pstree@stop=\count121
)
File: pst-tree.tex 2009/09/17 1.11 `pst-tree' (tvz,hv)
)
(/usr/local/texlive/2010/texmf-dist/tex/latex/pstricks-add/pstricks-add.sty
Package: pstricks-add 2010/02/11 v. 0.14 package wrapper for pstricks-add.tex (
hv)

(/usr/local/texlive/2010/texmf-dist/tex/generic/pstricks-add/pstricks-add.tex
(/usr/local/texlive/2010/texmf-dist/tex/generic/pst-plot/pst-plot.tex
(/usr/local/texlive/2010/texmf-dist/tex/generic/multido/multido.tex
 v1.42, 2010/05/14 <tvz>
\multido@count=\count122
\multidocount=\count123
\multido@stuff=\toks20
)  v1.17, 2010/06/22 (tvz,hv)
\pstRadUnit=\dimen123
\pstRadUnitInv=\dimen124
\pst@linecnt=\count124
\psk@subticksize=\dimen125
\pst@xticksizeA=\dimen126
\pst@xticksizeB=\dimen127
\pst@xticksizeC=\dimen128
\pst@yticksizeA=\dimen129
\pst@yticksizeB=\dimen130
\pst@yticksizeC=\dimen131
\@digitcounter=\count125
\psk@llx=\dimen132
\psk@lly=\dimen133
\psk@urx=\dimen134
\psk@ury=\dimen135
\pst@xunit=\dimen136
\pst@yunit=\dimen137
)
(/usr/local/texlive/2010/texmf-dist/tex/generic/pst-3d/pst-3d.tex
`PST-3d' v1.11, 2010/02/14 (tvz))
(/usr/local/texlive/2010/texmf-dist/tex/generic/pst-math/pst-math.tex
`pst-math' v0.23 , (CJ,hv)) `pstricks-add' v3.41, 2010/06/16 (dr,hv)
\pshooklength=\dimen138
\pshookwidth=\dimen139
\chart@ColorIndex=\dimen140
\chart@ColorStep=\dimen141
\pst@chartHeight=\dimen142
\pst@chartStackDepth=\dimen143
\pst@chartStackWidth=\dimen144
\chart@Toggle=\count126
)
File: pstricks-add.tex 2010/06/16 v3.41 `PSTricks-add' (hv)
)
(/usr/local/texlive/2010/texmf-dist/tex/latex/multido/multido.sty
Package: multido 2004/05/17 package wrapper for PSTricks `multido.tex', (HV/RN)

)
(/usr/local/texlive/2010/texmf-dist/tex/latex/geometry/geometry.sty
Package: geometry 2010/07/13 v5.5 Page Geometry

(/usr/local/texlive/2010/texmf-dist/tex/generic/oberdiek/ifpdf.sty
Package: ifpdf 2010/01/28 v2.1 Provides the ifpdf switch (HO)
Package ifpdf Info: pdfTeX in pdf mode not detected.
)
(/usr/local/texlive/2010/texmf-dist/tex/generic/oberdiek/ifvtex.sty
Package: ifvtex 2010/03/01 v1.5 Switches for detecting VTeX and its modes (HO)
Package ifvtex Info: VTeX not detected.
)
\Gm@cnth=\count127
\Gm@cntv=\count128
\c@Gm@tempcnt=\count129
\Gm@bindingoffset=\dimen145
\Gm@wd@mp=\dimen146
\Gm@odd@mp=\dimen147
\Gm@even@mp=\dimen148
\Gm@layoutwidth=\dimen149
\Gm@layoutheight=\dimen150
\Gm@layouthoffset=\dimen151
\Gm@layoutvoffset=\dimen152
\Gm@dimlist=\toks21
)
(/usr/local/texlive/2010/texmf-dist/tex/latex/moresize/moresize.sty
Package: moresize 1999/07/26 v1.9 (more font sizes)
)
(/usr/local/texlive/2010/texmf-dist/tex/latex/fancyvrb/fancyvrb.sty
Package: fancyvrb 2008/02/07

Style option: `fancyvrb' v2.7a, with DG/SPQR fixes, and firstline=lastline fix 
<2008/02/07> (tvz)
\FV@CodeLineNo=\count130
\FV@InFile=\read1
\FV@TabBox=\box32
\c@FancyVerbLine=\count131
\FV@StepNumber=\count132
\FV@OutFile=\write3
) (/usr/local/texlive/2010/texmf-dist/tex/latex/pbox/pbox.sty
Package: pbox 2003/04/06 v1.0 Dynamic parboxes
(/usr/local/texlive/2010/texmf-dist/tex/latex/tools/calc.sty
Package: calc 2007/08/22 v4.3 Infix arithmetic (KKT,FJ)
\calc@Acount=\count133
\calc@Bcount=\count134
\calc@Adimen=\dimen153
\calc@Bdimen=\dimen154
\calc@Askip=\skip49
\calc@Bskip=\skip50
LaTeX Info: Redefining \setlength on input line 76.
LaTeX Info: Redefining \addtolength on input line 77.
\calc@Ccount=\count135
\calc@Cskip=\skip51
)
(/usr/local/texlive/2010/texmf-dist/tex/latex/base/ifthen.sty
Package: ifthen 2001/05/26 v1.1c Standard LaTeX ifthen package (DPC)
)
\pb@xlen=\skip52
)
(/usr/local/texlive/2010/texmf-dist/tex/latex/base/makeidx.sty
Package: makeidx 2000/03/29 v1.0m Standard LaTeX package
)
\@indexfile=\write4
\openout4 = `OQB.idx'.


Writing index file OQB.idx
(/usr/local/texlive/2010/texmf-dist/tex/latex/amsmath/amsmath.sty
Package: amsmath 2000/07/18 v2.13 AMS math features
\@mathmargin=\skip53

For additional information on amsmath, use the `?' option.
(/usr/local/texlive/2010/texmf-dist/tex/latex/amsmath/amstext.sty
Package: amstext 2000/06/29 v2.01

(/usr/local/texlive/2010/texmf-dist/tex/latex/amsmath/amsgen.sty
File: amsgen.sty 1999/11/30 v2.0
\@emptytoks=\toks22
\ex@=\dimen155
))
(/usr/local/texlive/2010/texmf-dist/tex/latex/amsmath/amsbsy.sty
Package: amsbsy 1999/11/29 v1.2d
\pmbraise@=\dimen156
)
(/usr/local/texlive/2010/texmf-dist/tex/latex/amsmath/amsopn.sty
Package: amsopn 1999/12/14 v2.01 operator names
)
\inf@bad=\count136
LaTeX Info: Redefining \frac on input line 211.
\uproot@=\count137
\leftroot@=\count138
LaTeX Info: Redefining \overline on input line 307.
\classnum@=\count139
\DOTSCASE@=\count140
LaTeX Info: Redefining \ldots on input line 379.
LaTeX Info: Redefining \dots on input line 382.
LaTeX Info: Redefining \cdots on input line 467.
\Mathstrutbox@=\box33
\strutbox@=\box34
\big@size=\dimen157
LaTeX Font Info:    Redeclaring font encoding OML on input line 567.
LaTeX Font Info:    Redeclaring font encoding OMS on input line 568.
\macc@depth=\count141
\c@MaxMatrixCols=\count142
\dotsspace@=\muskip10
\c@parentequation=\count143
\dspbrk@lvl=\count144
\tag@help=\toks23
\row@=\count145
\column@=\count146
\maxfields@=\count147
\andhelp@=\toks24
\eqnshift@=\dimen158
\alignsep@=\dimen159
\tagshift@=\dimen160
\tagwidth@=\dimen161
\totwidth@=\dimen162
\lineht@=\dimen163
\@envbody=\toks25
\multlinegap=\skip54
\multlinetaggap=\skip55
\mathdisplay@stack=\toks26
LaTeX Info: Redefining \[ on input line 2666.
LaTeX Info: Redefining \] on input line 2667.
)
(/usr/local/texlive/2010/texmf-dist/tex/latex/titlesec/titlesec.sty
Package: titlesec 2007/08/12 v2.8 Sectioning titles
\ttl@box=\box35
\beforetitleunit=\skip56
\aftertitleunit=\skip57
\ttl@plus=\dimen164
\ttl@minus=\dimen165
\ttl@toksa=\toks27
\titlewidth=\dimen166
\titlewidthlast=\dimen167
\titlewidthfirst=\dimen168
)
(/usr/local/texlive/2010/texmf-dist/tex/latex/graphics/graphicx.sty
Package: graphicx 1999/02/16 v1.0f Enhanced LaTeX Graphics (DPC,SPQR)

(/usr/local/texlive/2010/texmf-dist/tex/latex/graphics/graphics.sty
Package: graphics 2009/02/05 v1.0o Standard LaTeX Graphics (DPC,SPQR)

(/usr/local/texlive/2010/texmf-dist/tex/latex/graphics/trig.sty
Package: trig 1999/03/16 v1.09 sin cos tan (DPC)
)
(/usr/local/texlive/2010/texmf-dist/tex/latex/latexconfig/graphics.cfg
File: graphics.cfg 2010/04/23 v1.9 graphics configuration of TeX Live
)
Package graphics Info: Driver file: dvips.def on input line 91.
)
\Gin@req@height=\dimen169
\Gin@req@width=\dimen170
)
(/usr/local/texlive/2010/texmf-dist/tex/latex/type1cm/type1cm.sty
Package: type1cm 2002/09/05 v0.04 BlueSky/Y&Y Type1 CM font definitions (DPC, p
atched RF)
)
(/usr/local/texlive/2010/texmf-dist/tex/latex/eso-pic/eso-pic.sty
Package: eso-pic 2010/06/08 v2.0b eso-pic (RN)

(/usr/local/texlive/2010/texmf-dist/tex/generic/oberdiek/atbegshi.sty
Package: atbegshi 2010/03/25 v1.12 At begin shipout hook (HO)

(/usr/local/texlive/2010/texmf-dist/tex/generic/oberdiek/infwarerr.sty
Package: infwarerr 2010/04/08 v1.3 Providing info/warning/message (HO)
)
(/usr/local/texlive/2010/texmf-dist/tex/generic/oberdiek/ltxcmds.sty
Package: ltxcmds 2010/04/26 v1.7 LaTeX kernel commands for general use (HO)
)))
(/usr/local/texlive/2010/texmf-dist/tex/latex/mparhack/mparhack.sty
Package: mparhack 2005/04/17 v1.4 (T. Sgouros and S. Ulrich)
)
(/usr/local/texlive/2010/texmf-dist/tex/generic/babel/babel.sty
Package: babel 2008/07/06 v3.8l The Babel package

(/usr/local/texlive/2010/texmf-dist/tex/generic/babel/english.ldf
Language: english 2005/03/30 v3.3o English support from the babel system

(/usr/local/texlive/2010/texmf-dist/tex/generic/babel/babel.def
File: babel.def 2008/07/06 v3.8l Babel common definitions
\babel@savecnt=\count148
\U@D=\dimen171
)
\l@canadian = a dialect from \language\l@american 
\l@australian = a dialect from \language\l@british 
\l@newzealand = a dialect from \language\l@british 
))
(/usr/local/texlive/2010/texmf-dist/tex/latex/natbib/natbib.sty
Package: natbib 2009/11/07 8.31a (PWD, AO)
\bibhang=\skip58
\bibsep=\skip59
LaTeX Info: Redefining \cite on input line 694.
\c@NAT@ctr=\count149
)
(/usr/local/texlive/2010/texmf-dist/tex/latex/caption/caption.sty
Package: caption 2010/01/09 v3.1m Customizing captions (AR)

(/usr/local/texlive/2010/texmf-dist/tex/latex/caption/caption3.sty
Package: caption3 2010/01/14 v3.1m caption3 kernel (AR)
\captionmargin=\dimen172
\captionmargin@=\dimen173
\captionwidth=\dimen174
\caption@indent=\dimen175
\caption@parindent=\dimen176
\caption@hangindent=\dimen177
)
Package caption Info: KOMA-Script document class.
\c@ContinuedFloat=\count150
)
(/usr/local/texlive/2010/texmf-dist/tex/latex/koma-script/scrpage2.sty
Package: scrpage2 2010/04/22 v2.5 LaTeX2e KOMA-Script package
LaTeX Info: Redefining \pagemark on input line 176.
)
(./OQB.aux)
\openout1 = `OQB.aux'.

LaTeX Font Info:    Checking defaults for OML/cmm/m/it on input line 174.
LaTeX Font Info:    ... okay on input line 174.
LaTeX Font Info:    Checking defaults for T1/cmr/m/n on input line 174.
LaTeX Font Info:    ... okay on input line 174.
LaTeX Font Info:    Checking defaults for OT1/cmr/m/n on input line 174.
LaTeX Font Info:    ... okay on input line 174.
LaTeX Font Info:    Checking defaults for OMS/cmsy/m/n on input line 174.
LaTeX Font Info:    ... okay on input line 174.
LaTeX Font Info:    Checking defaults for OMX/cmex/m/n on input line 174.
LaTeX Font Info:    ... okay on input line 174.
LaTeX Font Info:    Checking defaults for U/cmr/m/n on input line 174.
LaTeX Font Info:    ... okay on input line 174.


LaTeX Font Warning: Font shape `OT1/cmss/m/up' undefined
(Font)              using `OT1/cmss/m/n' instead on input line 174.

*geometry* detected driver: dvips
*geometry* verbose mode - [ preamble ] result:
* driver: dvips
* paper: a4paper
* layout: <same size as paper>
* layoutoffset:(h,v)=(0.0pt,0.0pt)
* modes: twoside 
* h-part:(L,W,R)=(71.70166pt, 418.25368pt, 107.55254pt)
* v-part:(T,H,B)=(101.40665pt, 591.5302pt, 152.11pt)
* \paperwidth=597.50787pt
* \paperheight=845.04684pt
* \textwidth=418.25368pt
* \textheight=591.5302pt
* \oddsidemargin=-0.56833pt
* \evensidemargin=35.28255pt
* \topmargin=-10.73834pt
* \headheight=18.125pt
* \headsep=21.75pt
* \topskip=12.0pt
* \footskip=50.75pt
* \marginparwidth=79.49744pt
* \marginparsep=12.8401pt
* \columnsep=10.0pt
* \skip\footins=10.8pt plus 4.0pt minus 2.0pt
* \hoffset=0.0pt
* \voffset=0.0pt
* \mag=1000
* \@twocolumnfalse
* \@twosidetrue
* \@mparswitchtrue
* \@reversemarginfalse
* (1in=72.27pt=25.4mm, 1cm=28.453pt)

\AtBeginShipoutBox=\box36
Package caption Info: Begin \AtBeginDocument code.
Package caption Info: End \AtBeginDocument code.
*geometry* verbose mode - [ newgeometry ] result:
* driver: dvips
* paper: a4paper
* layout: <same size as paper>
* layoutoffset:(h,v)=(0.0pt,0.0pt)
* modes: twoside 
* h-part:(L,W,R)=(-11.38092pt, 608.8888pt, 0.0pt)
* v-part:(T,H,B)=(0.00003pt, 845.04675pt, 0.00006pt)
* \paperwidth=597.50787pt
* \paperheight=845.04684pt
* \textwidth=608.8888pt
* \textheight=845.04675pt
* \oddsidemargin=-83.65091pt
* \evensidemargin=-72.26999pt
* \topmargin=-112.14496pt
* \headheight=18.125pt
* \headsep=21.75pt
* \topskip=12.0pt
* \footskip=50.75pt
* \marginparwidth=79.49744pt
* \marginparsep=12.8401pt
* \columnsep=10.0pt
* \skip\footins=10.8pt plus 4.0pt minus 2.0pt
* \hoffset=0.0pt
* \voffset=0.0pt
* \mag=1000
* \@twocolumnfalse
* \@twosidetrue
* \@mparswitchtrue
* \@reversemarginfalse
* (1in=72.27pt=25.4mm, 1cm=28.453pt)

File: ./Figures/adapazari.eps Graphic file (type eps)
<./Figures/adapazari.eps>

LaTeX Font Warning: Font shape `OT1/cmss/bx/up' undefined
(Font)              using `OT1/cmss/bx/n' instead on input line 196.

File: ./Figures/openquake_logo1.eps Graphic file (type eps)
<./Figures/openquake_logo1.eps>
Overfull \hbox (0.36896pt too wide) in paragraph at lines 210--212
[][] 
 []

[1


]

LaTeX Font Warning: Font shape `OT1/cmss/m/it' in size <12> not available
(Font)              Font shape `OT1/cmss/m/sl' tried instead on input line 223.



LaTeX Warning: No \author given.

[1



]
Underfull \hbox (badness 10000) in paragraph at lines 223--223

 []


Underfull \hbox (badness 10000) in paragraph at lines 223--223

 []


Underfull \hbox (badness 10000) in paragraph at lines 223--223

 []


Underfull \hbox (badness 10000) in paragraph at lines 223--223

 []

[2

] (./OQB.toc [3

]
File: ./Figures/openquake_logo1.eps Graphic file (type eps)
 <./Figures/openquake_logo1.eps> [4])
\tf@toc=\write5
\openout5 = `OQB.toc'.

File: ./Figures/openquake_logo1.eps Graphic file (type eps)

<./Figures/openquake_logo1.eps> [5]
File: ./Figures/openquake_logo1.eps Graphic file (type eps)
 <./Figures/openquake_logo1.eps> [6

]
(./Part_Introduction/symbolsAcronyms.tex) [7]
File: ./Figures/openquake_logo1.eps Graphic file (type eps)
 <./Figures/openquake_logo1.eps>
[8

] [9] [10]
Chapter 1.
(./Part_Introduction/introduction.tex
File: ./Figures/openquake_logo1.eps Graphic file (type eps)
 <./Figures/openquake_logo1.eps>) [11

]
File: ./Figures/openquake_logo1.eps Graphic file (type eps)

<./Figures/openquake_logo1.eps> [12]
Chapter 2.
(./Part_Introduction/it.tex) [13

]
File: ./Figures/openquake_logo1.eps Graphic file (type eps)
 <./Figures/openquake_logo1.eps> [14

] [15]
[16]
Chapter 3.
(./Part_Hazard/introduction.tex
Overfull \hbox (4.18698pt too wide) in paragraph at lines 1--4
\OT1/cmss/m/up/12 Probabilistic Seis-mic Haz-ard is nowa-days a well es-tab-lis
hed method-ol-ogy, largely founded
 []

[17

]
LaTeX Font Info:    Try loading font information for OMS+cmss on input line 28.

LaTeX Font Info:    No file OMScmss.fd. on input line 28.


LaTeX Font Warning: Font shape `OMS/cmss/m/up' undefined
(Font)              using `OMS/cmsy/m/n' instead
(Font)              for symbol `textbullet' on input line 28.

)
File: ./Figures/openquake_logo1.eps Graphic file (type eps)
 <./Figures/openquake_logo1.eps> [18]
Chapter 4.
(./Part_Hazard/unifiedSeismicSourceDescription.tex
(./Part_Hazard/UnifMod/logicTrees.tex [19

]
File: ./Figures/Part_Hazard/logic_tree_schema.eps Graphic file (type eps)

<./Figures/Part_Hazard/logic_tree_schema.eps>
Overfull \hbox (8.53766pt too wide) in paragraph at lines 107--109
[][] 
 []

File: ./Figures/openquake_logo1.eps Graphic file (type eps)
<./Figures/openquake_logo1.eps> [20])
(./Part_Hazard/UnifMod/seismicSourceTypes.tex
File: ./Figures/openquake_logo1.eps Graphic file (type eps)
 <./Figures/openquake_logo1.eps>
[21]
File: ./Figures/openquake_logo1.eps Graphic file (type eps)
 <./Figures/openquake_logo1.eps> [22]
File: ./Figures/openquake_logo1.eps Graphic file (type eps)
 <./Figures/openquake_logo1.eps>
[23]
File: ./Figures/openquake_logo1.eps Graphic file (type eps)
 <./Figures/openquake_logo1.eps> [24]
File: ./Figures/openquake_logo1.eps Graphic file (type eps)
 <./Figures/openquake_logo1.eps>
[25])
File: ./Figures/openquake_logo1.eps Graphic file (type eps)
 <./Figures/openquake_logo1.eps> [26])
File: ./Figures/openquake_logo1.eps Graphic file (type eps)
 <./Figures/openquake_logo1.eps>
[27]
File: ./Figures/openquake_logo1.eps Graphic file (type eps)
 <./Figures/openquake_logo1.eps> [28

]
Chapter 5.
(./Part_Hazard/eqk_Rupture_Forecast_Calculator.tex [29])
Overfull \vbox (10.87498pt too high) has occurred while \output is active []

File: ./Figures/openquake_logo1.eps Graphic file (type eps)

<./Figures/openquake_logo1.eps> [30]
Chapter 6.
(./Part_Hazard/kernel_classical_PSHA.tex [31

]
Overfull \hbox (19.54686pt too wide) in paragraph at lines 27--27
 |[]\OT1/cmss/bx/up/17.28 Hazard cal-cu-la-tion: tra-di-tional for-mu-la-tion i
n terms
 []


Overfull \hbox (86.03342pt too wide) detected at line 50
\OML/cmm/m/it/12 P\OT1/cmr/m/n/12 (\OML/cmm/m/it/12 U \OMS/cmss/m/up/12 ^^U \OM
L/cmm/m/it/12 u\OT1/cmr/m/n/12 ) = 1 \OMS/cmss/m/up/12 ^^@ [] []
 []

)
File: ./Figures/openquake_logo1.eps Graphic file (type eps)
 <./Figures/openquake_logo1.eps> [32]
Chapter 7.
(./Part_Hazard/kernel_Stochastic_PSHA.tex [33

])
File: ./Figures/openquake_logo1.eps Graphic file (type eps)

<./Figures/openquake_logo1.eps> [34]
Chapter 8.
(./Part_Hazard/wessonMethod.tex [35

])
File: ./Figures/openquake_logo1.eps Graphic file (type eps)
 <./Figures/openquake_logo1.eps> [36]
[37

] [38]
Chapter 9.
(./Part_Risk/Risk_Input_Description.tex [39

]
File: ./Figures/Part_Risk/VFDiscrete.eps Graphic file (type eps)

<./Figures/Part_Risk/VFDiscrete.eps>
File: ./Figures/Part_Risk/VFContinuous.eps Graphic file (type eps)
 <./Figures/Part_Risk/VFContinuous.eps>
File: ./Figures/openquake_logo1.eps Graphic file (type eps)

<./Figures/openquake_logo1.eps> [40]
File: ./Figures/Part_Risk/FFDiscrete.eps Graphic file (type eps)
 <./Figures/Part_Risk/FFDiscrete.eps>
File: ./Figures/openquake_logo1.eps Graphic file (type eps)

<./Figures/openquake_logo1.eps> [41]
File: ./Figures/Part_Risk/FFContinuous.eps Graphic file (type eps)
 <./Figures/Part_Risk/FFContinuous.eps>
File: ./Figures/openquake_logo1.eps Graphic file (type eps)

<./Figures/openquake_logo1.eps> [42]
File: ./Figures/Part_Risk/ConsequenceFunction.eps Graphic file (type eps)

<./Figures/Part_Risk/ConsequenceFunction.eps>)
File: ./Figures/openquake_logo1.eps Graphic file (type eps)
 <./Figures/openquake_logo1.eps>
[43]
File: ./Figures/openquake_logo1.eps Graphic file (type eps)
 <./Figures/openquake_logo1.eps> [44

]
Chapter 10.
(./Part_Risk/Deterministic_Event_Based.tex
File: ./Figures/Part_Risk/Scheme_Deter_calc.eps Graphic file (type eps)

<./Figures/Part_Risk/Scheme_Deter_calc.eps> [45]
File: ./Figures/Part_Risk/VF_intervals.eps Graphic file (type eps)

<./Figures/Part_Risk/VF_intervals.eps>
File: ./Figures/openquake_logo1.eps Graphic file (type eps)
 <./Figures/openquake_logo1.eps> [46]
File: ./Figures/openquake_logo1.eps Graphic file (type eps)

<./Figures/openquake_logo1.eps> [47]
File: ./Figures/openquake_logo1.eps Graphic file (type eps)
 <./Figures/openquake_logo1.eps> [48]
File: ./Figures/openquake_logo1.eps Graphic file (type eps)

<./Figures/openquake_logo1.eps> [49])
File: ./Figures/openquake_logo1.eps Graphic file (type eps)
 <./Figures/openquake_logo1.eps> [50]
Chapter 11.
(./Part_Risk/Classical_PSHA_Based.tex
File: ./Figures/Part_Risk/Scheme_PSHA_calc.eps Graphic file (type eps)

<./Figures/Part_Risk/Scheme_PSHA_calc.eps> [51

]
File: ./Figures/Part_Risk/ProbOccurrence.eps Graphic file (type eps)

<./Figures/Part_Risk/ProbOccurrence.eps>

LaTeX Warning: Reference `fig:LREM' on page 52 undefined on input line 31.

File: ./Figures/openquake_logo1.eps Graphic file (type eps)
<./Figures/openquake_logo1.eps> [52]
File: ./Figures/Part_Risk/LREM.eps Graphic file (type eps)
 <./Figures/Part_Risk/LREM.eps>)
File: ./Figures/openquake_logo1.eps Graphic file (type eps)

<./Figures/openquake_logo1.eps> [53]
File: ./Figures/openquake_logo1.eps Graphic file (type eps)
 <./Figures/openquake_logo1.eps> [54]
Chapter 12.
(./Part_Risk/Probabilistic_Event_Based.tex
File: ./Figures/Part_Risk/Scheme_Prob_calc.eps Graphic file (type eps)

<./Figures/Part_Risk/Scheme_Prob_calc.eps> [55

]
Underfull \hbox (badness 10000) in paragraph at lines 13--14

 []

File: ./Figures/openquake_logo1.eps Graphic file (type eps)
<./Figures/openquake_logo1.eps> [56]
File: ./Figures/openquake_logo1.eps Graphic file (type eps)
 <./Figures/openquake_logo1.eps> [57])
File: ./Figures/openquake_logo1.eps Graphic file (type eps)

<./Figures/openquake_logo1.eps> [58]
Chapter 13.
(./Part_Risk/DBELA.tex [59

]
File: ./Figures/Part_Risk/dbela_procedure.eps Graphic file (type eps)
 <./Figures/Part_Risk/dbela_procedure.eps>
File: ./Figures/openquake_logo1.eps Graphic file (type eps)

<./Figures/openquake_logo1.eps> [60]
File: ./Figures/openquake_logo1.eps Graphic file (type eps)
 <./Figures/openquake_logo1.eps> [61]
File: ./Figures/Part_Risk/beam_types_sections.eps Graphic file (type eps)

<./Figures/Part_Risk/beam_types_sections.eps>
File: ./Figures/Part_Risk/beam_types_construction.eps Graphic file (type eps)

<./Figures/Part_Risk/beam_types_construction.eps>
File: ./Figures/openquake_logo1.eps Graphic file (type eps)

<./Figures/openquake_logo1.eps> [62]
Underfull \hbox (badness 10000) in paragraph at lines 105--106

 []

File: ./Figures/openquake_logo1.eps Graphic file (type eps)
<./Figures/openquake_logo1.eps> [63]
Underfull \hbox (badness 10000) in paragraph at lines 131--132

 []

File: ./Figures/openquake_logo1.eps Graphic file (type eps)
<./Figures/openquake_logo1.eps> [64]
File: ./Figures/Part_Risk/Dual_frame_wall_plan.eps Graphic file (type eps)

<./Figures/Part_Risk/Dual_frame_wall_plan.eps>
File: ./Figures/Part_Risk/Dual_frame_wall_front.eps Graphic file (type eps)

<./Figures/Part_Risk/Dual_frame_wall_front.eps>
File: ./Figures/openquake_logo1.eps Graphic file (type eps)

<./Figures/openquake_logo1.eps> [65]
Underfull \hbox (badness 10000) in paragraph at lines 201--203

 []


Underfull \hbox (badness 10000) in paragraph at lines 208--210

 []

File: ./Figures/openquake_logo1.eps Graphic file (type eps)
<./Figures/openquake_logo1.eps> [66])
File: ./Figures/openquake_logo1.eps Graphic file (type eps)
 <./Figures/openquake_logo1.eps> [67]
File: ./Figures/openquake_logo1.eps Graphic file (type eps)

<./Figures/openquake_logo1.eps> [68

] [69] [70] (./Part_SEIA/introduction.tex)
File: ./Figures/openquake_logo1.eps Graphic file (type eps)

<./Figures/openquake_logo1.eps> [71]
File: ./Figures/openquake_logo1.eps Graphic file (type eps)
 <./Figures/openquake_logo1.eps> [72

]
[73] [74]
Chapter 14.
(./Part_Modellers_Toolkit/introduction.tex) [75

]
File: ./Figures/openquake_logo1.eps Graphic file (type eps)

<./Figures/openquake_logo1.eps> [76

]
Chapter 15.
(./Part_Modellers_Toolkit/input.tex) [77]
File: ./Figures/openquake_logo1.eps Graphic file (type eps)
 <./Figures/openquake_logo1.eps>
[78

] [79] [80]
Appendix A.
(./Part_Appendix/nrML.tex

LaTeX Font Warning: Font shape `OT1/cmtt/m/up' undefined
(Font)              using `OT1/cmtt/m/n' instead on input line 7.


LaTeX Font Warning: Font shape `OT1/cmr/m/up' undefined
(Font)              using `OT1/cmr/m/n' instead on input line 8.

) [81

]
File: ./Figures/openquake_logo1.eps Graphic file (type eps)
 <./Figures/openquake_logo1.eps> [82

]
Appendix B.
(./Part_Appendix/appendixHazardInputExample.tex) (./OQB.bbl [83]
File: ./Figures/openquake_logo1.eps Graphic file (type eps)

<./Figures/openquake_logo1.eps> [84

] [85]
File: ./Figures/openquake_logo1.eps Graphic file (type eps)
 <./Figures/openquake_logo1.eps>
[86]
File: ./Figures/openquake_logo1.eps Graphic file (type eps)
 <./Figures/openquake_logo1.eps> [87])
No file OQB.ind.
File: ./Figures/openquake_logo1.eps Graphic file (type eps)
<./Figures/openquake_logo1.eps> [88]
*geometry* verbose mode - [ newgeometry ] result:
* driver: dvips
* paper: a4paper
* layout: <same size as paper>
* layoutoffset:(h,v)=(0.0pt,0.0pt)
* modes: twoside 
* h-part:(L,W,R)=(0.0pt, 608.8888pt, -11.38092pt)
* v-part:(T,H,B)=(0.00003pt, 845.04675pt, 0.00006pt)
* \paperwidth=597.50787pt
* \paperheight=845.04684pt
* \textwidth=608.8888pt
* \textheight=845.04675pt
* \oddsidemargin=-72.26999pt
* \evensidemargin=-83.65091pt
* \topmargin=-112.14496pt
* \headheight=18.125pt
* \headsep=21.75pt
* \topskip=12.0pt
* \footskip=50.75pt
* \marginparwidth=79.49744pt
* \marginparsep=12.8401pt
* \columnsep=10.0pt
* \skip\footins=10.8pt plus 4.0pt minus 2.0pt
* \hoffset=0.0pt
* \voffset=0.0pt
* \mag=1000
* \@twocolumnfalse
* \@twosidetrue
* \@mparswitchtrue
* \@reversemarginfalse
* (1in=72.27pt=25.4mm, 1cm=28.453pt)


Overfull \hbox (0.36896pt too wide) in paragraph at lines 322--324
[][] 
 []

[89

] (./OQB.aux)

LaTeX Font Warning: Some font shapes were not available, defaults substituted.


LaTeX Warning: There were undefined references.

 ) 
Here is how much of TeX's memory you used:
 9893 strings out of 493748
 151547 string characters out of 3143569
 323155 words of memory out of 3000000
 12954 multiletter control sequences out of 15000+200000
 15707 words of font info for 56 fonts, out of 3000000 for 9000
 714 hyphenation exceptions out of 8191
 55i,12n,92p,1213b,584s stack positions out of 5000i,500n,10000p,200000b,50000s

Output written on OQB.dvi (90 pages, 217388 bytes).
